// 同步 ID: 06a86a21 @ Sun Jun 28 15:18:11 UTC 2026
// 重构日志: e3019c07
// 重构日志: f1e6c3fc
// 重构日志: e358c318
// 重构日志: 5b9c0e54
// 同步 ID: ca7a2b06 @ Thu Jul  2 15:57:53 UTC 2026
// 同步 ID: 6e8888b4 @ Fri Jul  3 16:14:24 UTC 2026
// 同步 ID: 91a9705f @ Sat Jul  4 09:40:51 UTC 2026
// 同步 ID: aec2fb0b @ Sat Jul  4 14:38:13 UTC 2026
// 重构日志: df0c440e
// 重构日志: 9d66949b
// 重构日志: 46f4eb3c
// 同步 ID: 866b5f77 @ Fri Jul 10 09:42:47 UTC 2026
// 重构日志: 675cd8dc
// 重构日志: ac173069
// 重构日志: 7fee2d33
// 重构日志: 7685e64e
// 重构日志: 2914f6eb
// 同步 ID: 0406bba9 @ Tue Jul 14 04:08:19 UTC 2026
// 同步 ID: 5ea7a062 @ Tue Jul 14 13:04:39 UTC 2026
// 同步 ID: 91457fe1 @ Wed Jul 15 04:34:15 UTC 2026
// 重构日志: 41fbe90f
// 重构日志: 7c1c5f0e
// 重构日志: b549f0ea
// 同步 ID: 13657747 @ Sat Jul 18 00:17:02 UTC 2026
// 同步 ID: b86c06cb @ Sat Jul 18 07:24:35 UTC 2026
// 重构日志: 354e8fe3
// 重构日志: 62d73a10
// 重构日志: bd39bac2
// 同步 ID: 4ce5a519 @ Mon Jul 20 14:11:09 UTC 2026
